<?xml version="1.0" encoding="UTF-8"?>
<testsuite xmlns:xsi="http://www.w3.org/2001/XMLSchema-instance" xsi:noNamespaceSchemaLocation="https://maven.apache.org/surefire/maven-surefire-plugin/xsd/surefire-test-report-3.0.xsd" version="3.0" name="com.example.appengine.users.UsersServletTest(sponge_log)" time="0.677" tests="2" errors="0" skipped="0" failures="0">
  <properties>
    <property name="java.specification.version" value="17"/>
    <property name="sun.jnu.encoding" value="UTF-8"/>
    <property name="java.class.path" value="/Users/deleplace/Documents/2023/07/11/test-wormhole-user/java8/target/test-classes:/Users/deleplace/Documents/2023/07/11/test-wormhole-user/java8/target/appengine-users-j8-1.0-SNAPSHOT/WEB-INF/classes:/Users/deleplace/.m2/repository/com/google/appengine/appengine-api-1.0-sdk/2.0.16/appengine-api-1.0-sdk-2.0.16.jar:/Users/deleplace/.m2/repository/javax/servlet/javax.servlet-api/3.1.0/javax.servlet-api-3.1.0.jar:/Users/deleplace/.m2/repository/junit/junit/4.13.2/junit-4.13.2.jar:/Users/deleplace/.m2/repository/org/hamcrest/hamcrest-core/1.3/hamcrest-core-1.3.jar:/Users/deleplace/.m2/repository/org/mockito/mockito-core/4.11.0/mockito-core-4.11.0.jar:/Users/deleplace/.m2/repository/net/bytebuddy/byte-buddy/1.12.19/byte-buddy-1.12.19.jar:/Users/deleplace/.m2/repository/net/bytebuddy/byte-buddy-agent/1.12.19/byte-buddy-agent-1.12.19.jar:/Users/deleplace/.m2/repository/org/objenesis/objenesis/3.3/objenesis-3.3.jar:/Users/deleplace/.m2/repository/com/google/appengine/appengine-testing/2.0.16/appengine-testing-2.0.16.jar:/Users/deleplace/.m2/repository/com/google/appengine/appengine-api-stubs/2.0.16/appengine-api-stubs-2.0.16.jar:/Users/deleplace/.m2/repository/com/google/appengine/appengine-tools-sdk/2.0.16/appengine-tools-sdk-2.0.16.jar:/Users/deleplace/.m2/repository/com/google/appengine/appengine-remote-api/2.0.16/appengine-remote-api-2.0.16.jar:/Users/deleplace/.m2/repository/com/google/truth/truth/1.1.5/truth-1.1.5.jar:/Users/deleplace/.m2/repository/com/google/guava/guava/32.0.1-jre/guava-32.0.1-jre.jar:/Users/deleplace/.m2/repository/com/google/guava/failureaccess/1.0.1/failureaccess-1.0.1.jar:/Users/deleplace/.m2/repository/com/google/guava/listenablefuture/9999.0-empty-to-avoid-conflict-with-guava/listenablefuture-9999.0-empty-to-avoid-conflict-with-guava.jar:/Users/deleplace/.m2/repository/com/google/j2objc/j2objc-annotations/2.8/j2objc-annotations-2.8.jar:/Users/deleplace/.m2/repository/org/checkerframework/checker-qual/3.35.0/checker-qual-3.35.0.jar:/Users/deleplace/.m2/repository/com/google/auto/value/auto-value-annotations/1.10.1/auto-value-annotations-1.10.1.jar:/Users/deleplace/.m2/repository/com/google/errorprone/error_prone_annotations/2.19.1/error_prone_annotations-2.19.1.jar:/Users/deleplace/.m2/repository/org/ow2/asm/asm/9.5/asm-9.5.jar:/Users/deleplace/.m2/repository/com/github/spotbugs/spotbugs-annotations/4.5.0/spotbugs-annotations-4.5.0.jar:/Users/deleplace/.m2/repository/com/google/code/findbugs/jsr305/3.0.2/jsr305-3.0.2.jar:/Users/deleplace/.m2/repository/com/google/cloud/google-cloud-core/2.3.2/google-cloud-core-2.3.2-tests.jar:/Users/deleplace/.m2/repository/com/google/api/gax/2.30.0/gax-2.30.0.jar:/Users/deleplace/.m2/repository/io/opencensus/opencensus-api/0.31.1/opencensus-api-0.31.1.jar:/Users/deleplace/.m2/repository/io/grpc/grpc-context/1.55.1/grpc-context-1.55.1.jar:/Users/deleplace/.m2/repository/com/google/protobuf/protobuf-java-util/3.23.2/protobuf-java-util-3.23.2.jar:/Users/deleplace/.m2/repository/com/google/code/gson/gson/2.10.1/gson-2.10.1.jar:/Users/deleplace/.m2/repository/com/google/api/grpc/proto-google-common-protos/2.21.0/proto-google-common-protos-2.21.0.jar:/Users/deleplace/.m2/repository/com/google/api/grpc/proto-google-iam-v1/1.16.0/proto-google-iam-v1-1.16.0.jar:/Users/deleplace/.m2/repository/org/threeten/threetenbp/1.5.2/threetenbp-1.5.2.jar:/Users/deleplace/.m2/repository/com/google/api/api-common/2.13.0/api-common-2.13.0.jar:/Users/deleplace/.m2/repository/javax/annotation/javax.annotation-api/1.3.2/javax.annotation-api-1.3.2.jar:/Users/deleplace/.m2/repository/com/google/auth/google-auth-library-credentials/1.18.0/google-auth-library-credentials-1.18.0.jar:/Users/deleplace/.m2/repository/com/google/auth/google-auth-library-oauth2-http/1.18.0/google-auth-library-oauth2-http-1.18.0.jar:/Users/deleplace/.m2/repository/com/google/http-client/google-http-client/1.43.3/google-http-client-1.43.3.jar:/Users/deleplace/.m2/repository/org/apache/httpcomponents/httpclient/4.5.14/httpclient-4.5.14.jar:/Users/deleplace/.m2/repository/commons-logging/commons-logging/1.2/commons-logging-1.2.jar:/Users/deleplace/.m2/repository/commons-codec/commons-codec/1.11/commons-codec-1.11.jar:/Users/deleplace/.m2/repository/org/apache/httpcomponents/httpcore/4.4.16/httpcore-4.4.16.jar:/Users/deleplace/.m2/repository/io/opencensus/opencensus-contrib-http-util/0.31.1/opencensus-contrib-http-util-0.31.1.jar:/Users/deleplace/.m2/repository/com/google/http-client/google-http-client-gson/1.43.3/google-http-client-gson-1.43.3.jar:/Users/deleplace/.m2/repository/com/google/protobuf/protobuf-java/3.23.2/protobuf-java-3.23.2.jar:"/>
    <property name="java.vm.vendor" value="Eclipse Adoptium"/>
    <property name="sun.arch.data.model" value="64"/>
    <property name="java.vendor.url" value="https://adoptium.net/"/>
    <property name="os.name" value="Mac OS X"/>
    <property name="java.vm.specification.version" value="17"/>
    <property name="sun.java.launcher" value="SUN_STANDARD"/>
    <property name="user.country" value="FR"/>
    <property name="sun.boot.library.path" value="/Users/deleplace/.sdkman/candidates/java/17.0.4.1-tem/lib"/>
    <property name="sun.java.command" value="/Users/deleplace/Documents/2023/07/11/test-wormhole-user/java8/target/surefire/surefirebooter9684873316032689369.jar /Users/deleplace/Documents/2023/07/11/test-wormhole-user/java8/target/surefire 2023-07-12T09-47-05_106-jvmRun1 surefire11161200882206875316tmp surefire_0473423989630522930tmp"/>
    <property name="http.nonProxyHosts" value="local|*.local|169.254/16|*.169.254/16"/>
    <property name="jdk.debug" value="release"/>
    <property name="surefire.test.class.path" value="/Users/deleplace/Documents/2023/07/11/test-wormhole-user/java8/target/test-classes:/Users/deleplace/Documents/2023/07/11/test-wormhole-user/java8/target/appengine-users-j8-1.0-SNAPSHOT/WEB-INF/classes:/Users/deleplace/.m2/repository/com/google/appengine/appengine-api-1.0-sdk/2.0.16/appengine-api-1.0-sdk-2.0.16.jar:/Users/deleplace/.m2/repository/javax/servlet/javax.servlet-api/3.1.0/javax.servlet-api-3.1.0.jar:/Users/deleplace/.m2/repository/junit/junit/4.13.2/junit-4.13.2.jar:/Users/deleplace/.m2/repository/org/hamcrest/hamcrest-core/1.3/hamcrest-core-1.3.jar:/Users/deleplace/.m2/repository/org/mockito/mockito-core/4.11.0/mockito-core-4.11.0.jar:/Users/deleplace/.m2/repository/net/bytebuddy/byte-buddy/1.12.19/byte-buddy-1.12.19.jar:/Users/deleplace/.m2/repository/net/bytebuddy/byte-buddy-agent/1.12.19/byte-buddy-agent-1.12.19.jar:/Users/deleplace/.m2/repository/org/objenesis/objenesis/3.3/objenesis-3.3.jar:/Users/deleplace/.m2/repository/com/google/appengine/appengine-testing/2.0.16/appengine-testing-2.0.16.jar:/Users/deleplace/.m2/repository/com/google/appengine/appengine-api-stubs/2.0.16/appengine-api-stubs-2.0.16.jar:/Users/deleplace/.m2/repository/com/google/appengine/appengine-tools-sdk/2.0.16/appengine-tools-sdk-2.0.16.jar:/Users/deleplace/.m2/repository/com/google/appengine/appengine-remote-api/2.0.16/appengine-remote-api-2.0.16.jar:/Users/deleplace/.m2/repository/com/google/truth/truth/1.1.5/truth-1.1.5.jar:/Users/deleplace/.m2/repository/com/google/guava/guava/32.0.1-jre/guava-32.0.1-jre.jar:/Users/deleplace/.m2/repository/com/google/guava/failureaccess/1.0.1/failureaccess-1.0.1.jar:/Users/deleplace/.m2/repository/com/google/guava/listenablefuture/9999.0-empty-to-avoid-conflict-with-guava/listenablefuture-9999.0-empty-to-avoid-conflict-with-guava.jar:/Users/deleplace/.m2/repository/com/google/j2objc/j2objc-annotations/2.8/j2objc-annotations-2.8.jar:/Users/deleplace/.m2/repository/org/checkerframework/checker-qual/3.35.0/checker-qual-3.35.0.jar:/Users/deleplace/.m2/repository/com/google/auto/value/auto-value-annotations/1.10.1/auto-value-annotations-1.10.1.jar:/Users/deleplace/.m2/repository/com/google/errorprone/error_prone_annotations/2.19.1/error_prone_annotations-2.19.1.jar:/Users/deleplace/.m2/repository/org/ow2/asm/asm/9.5/asm-9.5.jar:/Users/deleplace/.m2/repository/com/github/spotbugs/spotbugs-annotations/4.5.0/spotbugs-annotations-4.5.0.jar:/Users/deleplace/.m2/repository/com/google/code/findbugs/jsr305/3.0.2/jsr305-3.0.2.jar:/Users/deleplace/.m2/repository/com/google/cloud/google-cloud-core/2.3.2/google-cloud-core-2.3.2-tests.jar:/Users/deleplace/.m2/repository/com/google/api/gax/2.30.0/gax-2.30.0.jar:/Users/deleplace/.m2/repository/io/opencensus/opencensus-api/0.31.1/opencensus-api-0.31.1.jar:/Users/deleplace/.m2/repository/io/grpc/grpc-context/1.55.1/grpc-context-1.55.1.jar:/Users/deleplace/.m2/repository/com/google/protobuf/protobuf-java-util/3.23.2/protobuf-java-util-3.23.2.jar:/Users/deleplace/.m2/repository/com/google/code/gson/gson/2.10.1/gson-2.10.1.jar:/Users/deleplace/.m2/repository/com/google/api/grpc/proto-google-common-protos/2.21.0/proto-google-common-protos-2.21.0.jar:/Users/deleplace/.m2/repository/com/google/api/grpc/proto-google-iam-v1/1.16.0/proto-google-iam-v1-1.16.0.jar:/Users/deleplace/.m2/repository/org/threeten/threetenbp/1.5.2/threetenbp-1.5.2.jar:/Users/deleplace/.m2/repository/com/google/api/api-common/2.13.0/api-common-2.13.0.jar:/Users/deleplace/.m2/repository/javax/annotation/javax.annotation-api/1.3.2/javax.annotation-api-1.3.2.jar:/Users/deleplace/.m2/repository/com/google/auth/google-auth-library-credentials/1.18.0/google-auth-library-credentials-1.18.0.jar:/Users/deleplace/.m2/repository/com/google/auth/google-auth-library-oauth2-http/1.18.0/google-auth-library-oauth2-http-1.18.0.jar:/Users/deleplace/.m2/repository/com/google/http-client/google-http-client/1.43.3/google-http-client-1.43.3.jar:/Users/deleplace/.m2/repository/org/apache/httpcomponents/httpclient/4.5.14/httpclient-4.5.14.jar:/Users/deleplace/.m2/repository/commons-logging/commons-logging/1.2/commons-logging-1.2.jar:/Users/deleplace/.m2/repository/commons-codec/commons-codec/1.11/commons-codec-1.11.jar:/Users/deleplace/.m2/repository/org/apache/httpcomponents/httpcore/4.4.16/httpcore-4.4.16.jar:/Users/deleplace/.m2/repository/io/opencensus/opencensus-contrib-http-util/0.31.1/opencensus-contrib-http-util-0.31.1.jar:/Users/deleplace/.m2/repository/com/google/http-client/google-http-client-gson/1.43.3/google-http-client-gson-1.43.3.jar:/Users/deleplace/.m2/repository/com/google/protobuf/protobuf-java/3.23.2/protobuf-java-3.23.2.jar:"/>
    <property name="sun.cpu.endian" value="little"/>
    <property name="user.home" value="/Users/deleplace"/>
    <property name="user.language" value="en"/>
    <property name="java.specification.vendor" value="Oracle Corporation"/>
    <property name="java.version.date" value="2022-08-12"/>
    <property name="java.home" value="/Users/deleplace/.sdkman/candidates/java/17.0.4.1-tem"/>
    <property name="file.separator" value="/"/>
    <property name="basedir" value="/Users/deleplace/Documents/2023/07/11/test-wormhole-user/java8"/>
    <property name="java.vm.compressedOopsMode" value="Zero based"/>
    <property name="line.separator" value="&#10;"/>
    <property name="java.specification.name" value="Java Platform API Specification"/>
    <property name="java.vm.specification.vendor" value="Oracle Corporation"/>
    <property name="surefire.real.class.path" value="/Users/deleplace/Documents/2023/07/11/test-wormhole-user/java8/target/surefire/surefirebooter9684873316032689369.jar"/>
    <property name="sun.management.compiler" value="HotSpot 64-Bit Tiered Compilers"/>
    <property name="ftp.nonProxyHosts" value="local|*.local|169.254/16|*.169.254/16"/>
    <property name="java.runtime.version" value="17.0.4.1+1"/>
    <property name="user.name" value="deleplace"/>
    <property name="path.separator" value=":"/>
    <property name="os.version" value="13.4.1"/>
    <property name="java.runtime.name" value="OpenJDK Runtime Environment"/>
    <property name="file.encoding" value="UTF-8"/>
    <property name="java.vm.name" value="OpenJDK 64-Bit Server VM"/>
    <property name="java.vendor.version" value="Temurin-17.0.4.1+1"/>
    <property name="localRepository" value="/Users/deleplace/.m2/repository"/>
    <property name="java.vendor.url.bug" value="https://github.com/adoptium/adoptium-support/issues"/>
    <property name="java.io.tmpdir" value="/var/folders/p4/g7fnpss96g5708_mmv3cxzgh0000gn/T/"/>
    <property name="java.version" value="17.0.4.1"/>
    <property name="user.dir" value="/Users/deleplace/Documents/2023/07/11/test-wormhole-user/java8"/>
    <property name="os.arch" value="aarch64"/>
    <property name="java.vm.specification.name" value="Java Virtual Machine Specification"/>
    <property name="native.encoding" value="UTF-8"/>
    <property name="java.library.path" value="/Users/deleplace/Library/Java/Extensions:/Library/Java/Extensions:/Network/Library/Java/Extensions:/System/Library/Java/Extensions:/usr/lib/java:."/>
    <property name="java.vm.info" value="mixed mode"/>
    <property name="java.vendor" value="Eclipse Adoptium"/>
    <property name="java.vm.version" value="17.0.4.1+1"/>
    <property name="sun.io.unicode.encoding" value="UnicodeBig"/>
    <property name="socksNonProxyHosts" value="local|*.local|169.254/16|*.169.254/16"/>
    <property name="java.class.version" value="61.0"/>
  </properties>
  <testcase name="doGet_userNotLoggedIn_writesResponse" classname="com.example.appengine.users.UsersServletTest(sponge_log)" time="0.635">
    <system-err><![CDATA[Jul 12, 2023 7:47:06 AM com.google.appengine.api.search.dev.LocalSearchService <init>
INFO: Local search service created
]]></system-err>
  </testcase>
  <testcase name="doGet_userLoggedIn_writesResponse" classname="com.example.appengine.users.UsersServletTest(sponge_log)" time="0.005">
    <system-err><![CDATA[Jul 12, 2023 7:47:06 AM com.google.appengine.api.search.dev.LocalSearchService <init>
INFO: Local search service created
]]></system-err>
  </testcase>
</testsuite>